
> business@0.1.0 build C:\Users\USER\Desktop\Workspace\apg\apg\apps\business
> next build

   ▲ Next.js 15.4.6

   Creating an optimized production build ...
 ✓ Compiled successfully in 36.0s
   Linting and checking validity of types ...
   Collecting page data ...
   Generating static pages (0/10) ...
   Generating static pages (2/10) 
   Generating static pages (4/10) 
   Generating static pages (7/10) 
 ✓ Generating static pages (10/10)
   Finalizing page optimization ...
   Collecting build traces ...

Route (app)                                 Size  First Load JS
┌ ○ /                                    5.16 kB         150 kB
├ ○ /_not-found                            123 B         100 kB
├ ○ /about                               1.84 kB         107 kB
├ ○ /blog                                3.17 kB         112 kB
├ ƒ /blog/[slug]                         1.15 kB         107 kB
├ ○ /contact                             1.77 kB         107 kB
├ ○ /faqs                                2.62 kB         108 kB
└ ○ /terms-of-service                    2.07 kB         108 kB
+ First Load JS shared by all             100 kB
  ├ chunks/274-afa05ab8e0973f79.js       44.1 kB
  ├ chunks/fb521855-360f788827d72256.js  54.1 kB
  └ other shared chunks (total)             2 kB


○  (Static)   prerendered as static content
ƒ  (Dynamic)  server-rendered on demand

