
> homes@0.1.0 build C:\Users\USER\Desktop\Workspace\apg\apg\apps\homes
> next build

   ▲ Next.js 15.4.6

   Creating an optimized production build ...
 ✓ Compiled successfully in 42s
   Linting and checking validity of types ...
   Collecting page data ...
   Generating static pages (0/5) ...
   Generating static pages (1/5) 
   Generating static pages (2/5) 
   Generating static pages (3/5) 
 ✓ Generating static pages (5/5)
   Finalizing page optimization ...
   Collecting build traces ...

Route (app)                                 Size  First Load JS
┌ ○ /                                    8.02 kB         117 kB
├ ○ /_not-found                            123 B         100 kB
├ ○ /listing                             6.03 kB         115 kB
└ ƒ /listing/[slug]                        532 B         109 kB
+ First Load JS shared by all             100 kB
  ├ chunks/274-afa05ab8e0973f79.js       44.1 kB
  ├ chunks/fb521855-360f788827d72256.js  54.1 kB
  └ other shared chunks (total)          1.99 kB


○  (Static)   prerendered as static content
ƒ  (Dynamic)  server-rendered on demand

